<?xml version="1.0" encoding="utf-8"?><testsuites name="pytest tests"><testsuite name="pytest" errors="0" failures="0" skipped="0" tests="8" time="1.058" timestamp="2026-05-22T11:30:21.508822+00:00" hostname="agent-env-80b2b5ae-0562-4e3d-9cb4-aa941d22b304"><testcase classname="backend.tests.backend_test.TestHealth" name="test_health_ok" time="0.264" /><testcase classname="backend.tests.backend_test.TestHealth" name="test_root" time="0.050" /><testcase classname="backend.tests.backend_test.TestContactValidation" name="test_missing_fields" time="0.050" /><testcase classname="backend.tests.backend_test.TestContactValidation" name="test_invalid_email" time="0.053" /><testcase classname="backend.tests.backend_test.TestContactValidation" name="test_short_message" time="0.053" /><testcase classname="backend.tests.backend_test.TestContactValidation" name="test_empty_name" time="0.049" /><testcase classname="backend.tests.backend_test.TestContactFlow" name="test_create_and_persist" time="0.413" /><testcase classname="backend.tests.backend_test.TestContactFlow" name="test_contact_response_excludes_id_field" time="0.055" /></testsuite></testsuites>